{"level":"error","message":"Contraseña invalida","timestamp":"2023-11-12T02:27:05.304Z"}
{"level":"fatal","message":"Esto es un logger de fatal","timestamp":"2023-11-12T02:36:43.902Z"}
{"level":"error","message":"Esto es un logger de error","timestamp":"2023-11-12T02:36:43.902Z"}
{"level":"error","message":"Faltan datos para crear el usuario","timestamp":"2023-11-12T02:43:11.157Z"}
{"level":"error","message":"Faltan datos para crear el usuario","timestamp":"2023-11-12T02:45:07.697Z"}
{"level":"error","message":"Faltan datos para crear el usuario","timestamp":"2023-11-12T02:45:29.850Z"}
{"level":"error","message":"Faltan datos para crear el usuario","timestamp":"2023-11-12T02:47:14.881Z"}
{"level":"fatal","message":"Esto es un logger de fatal","timestamp":"2023-11-12T02:47:28.040Z"}
{"level":"fatal","message":"Esto es un logger de fatal","timestamp":"2023-11-12T02:47:28.040Z"}
{"level":"error","message":"Esto es un logger de error","timestamp":"2023-11-12T02:47:28.041Z"}
{"level":"fatal","message":"Esto es un logger de fatal","timestamp":"2023-11-12T02:49:22.538Z"}
{"level":"fatal","message":"Esto es un logger de fatal","timestamp":"2023-11-12T02:49:22.541Z"}
{"level":"error","message":"Esto es un logger de error","timestamp":"2023-11-12T02:49:22.546Z"}
{"level":"fatal","message":"Esto es un logger de fatal","timestamp":"2023-11-12T02:50:31.105Z"}
{"level":"fatal","message":"Esto es un logger de fatal","timestamp":"2023-11-12T02:50:31.105Z"}
{"level":"error","message":"Esto es un logger de error","timestamp":"2023-11-12T02:50:31.106Z"}
{"level":"fatal","message":"Esto es un logger de fatal","timestamp":"2023-11-12T02:51:13.147Z"}
{"level":"error","message":"Esto es un logger de error","timestamp":"2023-11-12T02:51:13.149Z"}
{"level":"error","message":"Faltan datos para crear el usuario","timestamp":"2023-11-12T02:51:18.105Z"}
{"level":"error","message":"Faltan datos para crear el usuario","timestamp":"2023-11-12T02:51:53.378Z"}
{"level":"error","message":"Faltan datos para crear el usuario","timestamp":"2023-12-31T01:11:58.513Z"}
{"level":"error","message":"Faltan datos para crear el usuario","timestamp":"2023-12-31T01:13:39.145Z"}
{"level":"error","message":"Faltan datos para crear el usuario","timestamp":"2023-12-31T01:15:36.514Z"}
{"level":"error","message":"Usuario ya existente","timestamp":"2023-12-31T01:18:58.956Z"}
{"level":"error","message":"Usuario ya existente","timestamp":"2023-12-31T01:32:40.681Z"}
{"level":"error","message":"Faltan datos para crear el usuario","timestamp":"2024-01-03T03:03:12.467Z"}
{"level":"error","message":"Contraseña invalida","timestamp":"2024-01-04T01:52:10.102Z"}
{"level":"error","message":"Error generando ticket: Cannot read properties of undefined (reading 'email')","timestamp":"2024-01-06T21:12:19.076Z"}
{"level":"error","message":"Usuario ya existente","timestamp":"2024-01-07T03:59:36.945Z"}
{"level":"error","message":"Usuario ya existente","timestamp":"2024-01-07T03:59:52.507Z"}
{"level":"error","message":"Usuario ya existente","timestamp":"2024-01-07T04:04:22.900Z"}
{"level":"error","message":"Error generando ticket: Cannot read properties of undefined (reading 'email')","timestamp":"2024-01-07T04:40:40.040Z"}
{"level":"error","message":"Contraseña invalida","timestamp":"2024-01-07T06:00:38.333Z"}
{"level":"error","message":"Contraseña invalida","timestamp":"2024-01-07T06:02:04.825Z"}
{"level":"error","message":"Contraseña invalida","timestamp":"2024-01-07T06:02:30.371Z"}
{"level":"error","message":"Contraseña invalida","timestamp":"2024-01-07T06:02:57.567Z"}
{"level":"error","message":"Contraseña invalida","timestamp":"2024-01-07T06:04:05.476Z"}
{"level":"error","message":"Error generando ticket: ","timestamp":"2024-01-07T06:44:52.686Z"}
{"level":"error","message":"Error generando ticket: ","timestamp":"2024-01-07T07:02:42.812Z"}
{"level":"error","message":"Error generando ticket: ","timestamp":"2024-01-07T07:03:40.262Z"}
{"level":"error","message":"Error generando ticket: ","timestamp":"2024-01-07T07:03:49.520Z"}
{"level":"error","message":"instancia del customError error de stock: No hay stock suficiente","timestamp":"2024-01-07T07:12:20.559Z"}
{"level":"error","message":"instancia del customError error de stock: No hay stock suficiente","timestamp":"2024-01-07T07:14:20.137Z"}
{"level":"error","message":"instancia del customError error de stock: No hay stock suficiente","timestamp":"2024-01-07T07:14:56.469Z"}
{"level":"error","message":"instancia del customError error de stock: No hay stock suficiente","timestamp":"2024-01-07T07:15:20.917Z"}
{"level":"error","message":"Error generando ticket: No hay stock suficiente","timestamp":"2024-01-07T07:15:54.645Z"}
{"level":"error","message":"Error generando ticket: No hay stock suficiente","timestamp":"2024-01-07T07:17:30.338Z"}
{"level":"error","message":"Error generando ticket: No hay stock suficiente","timestamp":"2024-01-07T07:19:28.786Z"}
{"level":"error","message":"Error generando ticket: No hay stock suficiente","timestamp":"2024-01-07T07:19:39.015Z"}
{"level":"error","message":"Error generando ticket: No hay stock suficiente","timestamp":"2024-01-07T07:19:40.020Z"}
{"level":"error","message":"Error generando ticket: No hay stock suficiente","timestamp":"2024-01-07T07:24:29.819Z"}
{"level":"error","message":"Error generando ticket: No hay stock suficiente","timestamp":"2024-01-07T07:25:21.762Z"}
{"level":"error","message":"Error generando ticket: No hay stock suficiente","timestamp":"2024-01-07T07:26:27.549Z"}
{"level":"error","message":"Error generando ticket: No hay stock suficiente","timestamp":"2024-01-07T07:27:50.792Z"}
{"level":"error","message":"Error generando ticket: No hay stock suficiente","timestamp":"2024-01-07T07:28:47.586Z"}
{"level":"error","message":"Error generando ticket: No hay stock suficiente","timestamp":"2024-01-07T07:29:04.983Z"}
{"level":"error","message":"Error generando ticket: No hay stock suficiente","timestamp":"2024-01-07T07:29:46.225Z"}
{"level":"error","message":"Error generando ticket: No hay stock suficiente","timestamp":"2024-01-07T07:29:47.134Z"}
{"level":"error","message":"Error generando ticket: No hay stock suficiente","timestamp":"2024-01-07T07:29:47.360Z"}
{"level":"error","message":"Error generando ticket: No hay stock suficiente","timestamp":"2024-01-07T07:29:47.581Z"}
{"level":"error","message":"Error generando ticket: No hay stock suficiente","timestamp":"2024-01-07T07:29:47.824Z"}
{"level":"error","message":"Error generando ticket: No hay stock suficiente","timestamp":"2024-01-07T07:33:11.828Z"}
{"level":"error","message":"Error generando ticket: No hay stock suficiente","timestamp":"2024-01-07T07:33:44.330Z"}
{"level":"error","message":"Error generando ticket: No hay stock suficiente","timestamp":"2024-01-07T07:33:54.455Z"}
